
ROM used: 4736 (14%)
          4740 (14%) including unused fragments

          1 Average locations per line
          4 Average locations per statement

RAM used: 421 (21%) at main() level
          467 (23%) worst case

Stack used: 16 worst case (out of 31 total available)

Lines Stmts  %   Files
----- ----- ---  -----
   68    16   1  main.c
  392     0   0  ..\..\..\..\..\..\..\Program Files (x86)\PICC\devices\18F2550.h
   16     0   0  main.h
 1273   359  29  ..\..\..\..\..\..\..\Program Files (x86)\PICC\drivers\stdlib.h
   28     0   0  ..\..\..\..\..\..\..\Program Files (x86)\PICC\drivers\stddef.h
  409   121  10  ..\..\..\..\..\..\..\Program Files (x86)\PICC\drivers\string.h
   28    80   6  ..\..\..\..\..\..\..\Program Files (x86)\PICC\drivers\ctype.h
  538   118   9  ..\..\..\..\..\..\..\Program Files (x86)\PICC\drivers\usb_cdc.h
  222     0   0  ..\..\..\..\..\..\..\Program Files (x86)\PICC\drivers\pic18_usb.h
  328     0   0  ..\..\..\..\..\..\..\Program Files (x86)\PICC\drivers\usb_hw_layer.h
  279     0   0  ..\..\..\..\..\..\..\Program Files (x86)\PICC\drivers\usb_desc_cdc.h
 1063     0   0  ..\..\..\..\..\..\..\Program Files (x86)\PICC\drivers\usb.h
  808   237  19  ..\..\..\..\..\..\..\Program Files (x86)\PICC\drivers\usb.c
 1281   320  26  ..\..\..\..\..\..\..\Program Files (x86)\PICC\drivers\pic18_usb.c
----- -----
 6733  1251 Total

Page ROM  %  RAM   Vol Diff  Functions:
---- --- --- ---   --- ----  ----------
0     10   0   0             @PUTCHARI_BIU_1
0     24   0   0             @GETCH_BIU_1
0     32   0   0             @const450
0     32   0   0             @const452
0     48   1   0             @const454
0     66   1   0             @const456
0     84   1   0             @const458
0     18   0   0             @const460
0     24   0   0             @const462
0     34   0   0             @const466
0     52   1   0             @const469
0     30   0   5             @MUL1616
0     78   1   3   133  4.3  usb_tbe
0     36   0   1   134  2.5  usb_detach
0     34   0   0   136  2.2  usb_attach
0      6   0   0    16  1.0  usb_init_cs
0     36   0   1   346  4.6  usb_task
0    266   3   7  1083  5.4  usb_flush_in
0    156   2  10   320  5.5  usb_put_packet
0    236   2   7   899  4.9  usb_flush_out
0     60   1   3    61  2.6  usb_rx_packet_size
0     90   1   4   251  4.6  usb_stall_ep
0     88   1   4   258  4.6  usb_unstall_ep
0    106   1   5   360  5.8  usb_endpoint_stalled
0     22   0   1    88  2.7  usb_set_address
0    478   5  10  1722  9.8  usb_set_configured
0     96   1   3   192  3.2  usb_disable_endpoint
0     22   0   1    93  2.9  usb_disable_endpoints
0      4   0   0    39  2.0  usb_clear_trn
0    126   1   2   638  6.6  usb_isr
0      6   0   0    43  2.0  usb_isr_sof
0     42   0   0   357  4.2  usb_isr_rst
0     32   0   0   508  4.0  usb_init_ep0_setup
0      8   0   0    74  2.8  usb_isr_uerr
0     10   0   0    82  2.8  usb_isr_uidle
0     16   0   0   102  3.3  usb_isr_activity
0     14   0   0   151  3.9  usb_isr_stall
0      6   0   1    30  1.7  usb_request_send_response
0      6   0   0    22  1.2  usb_request_get_data
0      6   0   0    22  1.2  usb_request_stall
0    396   4   5  2031  7.9  usb_isr_tok_dne
0     40   0   3   248  4.0  usb_token_reset
0     88   1   3   267  5.9  usb_endpoint_is_valid
0     34   0   1   204  3.1  usb_isr_tok_in_dne
0     18   0   1   108  2.5  usb_isr_tok_out_dne
0     52   1   0   336  5.5  usb_isr_tok_setup_dne
0    166   2   0  1454  8.3  usb_isr_tkn_setup_StandardDevice
0    152   2   3   930  7.7  usb_isr_tkn_setup_StandardInterface
0     96   1   0   753  5.8  usb_isr_tkn_setup_StandardEndpoint
0    176   2   1  1088  8.7  usb_Get_Descriptor
0     14   0   0    76  1.8  usb_finish_set_address
0    132   1   4   591  8.6  usb_copy_desc_seg_to_ep
0     92   1   0   401  6.1  usb_isr_tok_out_cdc_control_dne
0    164   2   0  1121  8.3  usb_isr_tkn_cdc
0     18   0   0   119  2.6  usb_isr_tok_out_cdc_data_dne
0     10   0   0    30  1.5  usb_isr_tok_in_cdc_data_dne
0     30   0   0    86  2.1  usb_cdc_flush_out_buffer
0     34   0   0   255  2.3  usb_cdc_init
0     26   0   0    59  2.3  usb_cdc_get_discard
0     42   0   2   216  5.7  usb_cdc_getc
0     84   1   4   272  4.6  usb_cdc_putc_fast
0     54   1   1   117  3.0  usb_cdc_putc
0    132   1   0   290  3.2  MAIN

Program metrics:
    Functions               51
    Statements              1251
    Comments                4242
    Volume (V)              36166
    Difficilty (D)          219.8
    Effort to implement (E) 7949625
    Time to implement (T)   122 hours, 41 minutes
    Est Delivered Bugs (B)  13
    Cyclomatic Complexity   122
    Maintainability (MI)    134

 Segment     Used  Free
-----------  ----  ----
00000-007FE     0  2048  
00800-00806     4  4  
00808-00894   142  0  
00896-07FFE  4590  25980  



